This is XeTeX, Version 3.141592653-2.6-0.999996 (TeX Live 2024) (preloaded format=xelatex 2024.4.21)  9 JUN 2024 05:39
entering extended mode
 restricted \write18 enabled.
 %&-line parsing enabled.
**main.tex
(./main.tex
LaTeX2e <2023-11-01> patch level 1
L3 programming layer <2024-03-14>
(./setup.tex (./vkr.cls
Document Class: vkr VKR class
(c:/texlive/2024/texmf-dist/tex/latex/fontspec/fontspec.sty
(c:/texlive/2024/texmf-dist/tex/latex/l3packages/xparse/xparse.sty
(c:/texlive/2024/texmf-dist/tex/latex/l3kernel/expl3.sty
Package: expl3 2024-03-14 L3 programming layer (loader) 

(c:/texlive/2024/texmf-dist/tex/latex/l3backend/l3backend-xetex.def
File: l3backend-xetex.def 2024-03-14 L3 backend support: XeTeX
\g__graphics_track_int=\count184
\l__pdf_internal_box=\box51
\g__pdf_backend_object_int=\count185
\g__pdf_backend_annotation_int=\count186
\g__pdf_backend_link_int=\count187
))
Package: xparse 2024-03-14 L3 Experimental document command parser
)
Package: fontspec 2024/02/13 v2.9a Font selection for XeLaTeX and LuaLaTeX

(c:/texlive/2024/texmf-dist/tex/latex/fontspec/fontspec-xetex.sty
Package: fontspec-xetex 2024/02/13 v2.9a Font selection for XeLaTeX and LuaLaTe
X
\l__fontspec_script_int=\count188
\l__fontspec_language_int=\count189
\l__fontspec_strnum_int=\count190
\l__fontspec_tmp_int=\count191
\l__fontspec_tmpa_int=\count192
\l__fontspec_tmpb_int=\count193
\l__fontspec_tmpc_int=\count194
\l__fontspec_em_int=\count195
\l__fontspec_emdef_int=\count196
\l__fontspec_strong_int=\count197
\l__fontspec_strongdef_int=\count198
\l__fontspec_tmpa_dim=\dimen140
\l__fontspec_tmpb_dim=\dimen141
\l__fontspec_tmpc_dim=\dimen142

(c:/texlive/2024/texmf-dist/tex/latex/base/fontenc.sty
Package: fontenc 2021/04/29 v2.0v Standard LaTeX package
)
(c:/texlive/2024/texmf-dist/tex/latex/fontspec/fontspec.cfg)))

Package fontspec Info: Font family 'TimesNewRoman(0)' created for font 'Times
(fontspec)             New Roman' with options [Ligatures=TeX].
(fontspec)              
(fontspec)              This font family consists of the following NFSS
(fontspec)             series/shapes:
(fontspec)              
(fontspec)             - 'normal' (m/n) with NFSS spec.: <->"Times New
(fontspec)             Roman/OT:script=latn;language=dflt;mapping=tex-text;"
(fontspec)             - 'small caps'  (m/sc) with NFSS spec.: <->"Times New
(fontspec)             Roman/OT:script=latn;language=dflt;+smcp;mapping=tex-tex
t;"
(fontspec)             - 'bold' (b/n) with NFSS spec.: <->"Times New
(fontspec)             Roman/B/OT:script=latn;language=dflt;mapping=tex-text;"
(fontspec)             - 'bold small caps'  (b/sc) with NFSS spec.: <->"Times
(fontspec)             New
(fontspec)             Roman/B/OT:script=latn;language=dflt;+smcp;mapping=tex-t
ext;"
(fontspec)             - 'italic' (m/it) with NFSS spec.: <->"Times New
(fontspec)             Roman/I/OT:script=latn;language=dflt;mapping=tex-text;"
(fontspec)             - 'italic small caps'  (m/scit) with NFSS spec.:
(fontspec)             <->"Times New
(fontspec)             Roman/I/OT:script=latn;language=dflt;+smcp;mapping=tex-t
ext;"
(fontspec)             - 'bold italic' (b/it) with NFSS spec.: <->"Times New
(fontspec)             Roman/BI/OT:script=latn;language=dflt;mapping=tex-text;"

(fontspec)             - 'bold italic small caps'  (b/scit) with NFSS spec.:
(fontspec)             <->"Times New
(fontspec)             Roman/BI/OT:script=latn;language=dflt;+smcp;mapping=tex-
text;"

\pagetop=\skip48
\pagebottom=\skip49
\pageleft=\skip50
\pageright=\skip51
\pwidth=\skip52
\pheight=\skip53
\saved@arstrutbox=\box52
\c@section=\count199
\c@subsection=\count266
\c@subsubsection=\count267
\c@paragraph=\count268
\c@figure=\count269
\c@figurecnt=\count270
\abovecaptionskip=\skip54
\belowcaptionskip=\skip55
\c@table=\count271
\c@tablecnt=\count272
\c@lastpage=\count273
\c@числоПлакатов=\count274
\c@bibcount=\count275
)
(c:/texlive/2024/texmf-dist/tex/generic/babel/babel.sty
Package: babel 2024/04/20 v24.4 The Babel package
\babel@savecnt=\count276
\U@D=\dimen143
\l@unhyphenated=\language89

(c:/texlive/2024/texmf-dist/tex/generic/babel/xebabel.def)
\bbl@readstream=\read2
\bbl@dirlevel=\count277

(c:/texlive/2024/texmf-dist/tex/generic/babel-english/english.ldf
Language: english 2017/06/06 v3.3r English support from the babel system
Package babel Info: Hyphen rules for 'canadian' set to \l@english
(babel)             (\language0). Reported on input line 102.
Package babel Info: Hyphen rules for 'australian' set to \l@ukenglish
(babel)             (\language23). Reported on input line 105.
Package babel Info: Hyphen rules for 'newzealand' set to \l@ukenglish
(babel)             (\language23). Reported on input line 108.
)
(c:/texlive/2024/texmf-dist/tex/generic/babel-russian/russianb.ldf
File: russianb.ldf 2021/01/10 1.3m Russian support for the Babel system
Language: russian 2020/09/09 1.3k Russian support for the Babel system
Package babel Info: Making " an active character on input line 124.
Package babel Info: Default for \cyrdash is provided on input line 163.
))
(c:/texlive/2024/texmf-dist/tex/generic/babel/locale/ru/babel-russian.tex
Package babel Info: Importing font and identification data for russian
(babel)             from babel-ru.ini. Reported on input line 11.
)
(c:/texlive/2024/texmf-dist/tex/generic/babel/locale/en/babel-english.tex
Package babel Info: Importing font and identification data for english
(babel)             from babel-en.ini. Reported on input line 11.
)
(c:/texlive/2024/texmf-dist/tex/latex/graphics/graphicx.sty
Package: graphicx 2021/09/16 v1.2d Enhanced LaTeX Graphics (DPC,SPQR)

(c:/texlive/2024/texmf-dist/tex/latex/graphics/keyval.sty
Package: keyval 2022/05/29 v1.15 key=value parser (DPC)
\KV@toks@=\toks17
)
(c:/texlive/2024/texmf-dist/tex/latex/graphics/graphics.sty
Package: graphics 2022/03/10 v1.4e Standard LaTeX Graphics (DPC,SPQR)

(c:/texlive/2024/texmf-dist/tex/latex/graphics/trig.sty
Package: trig 2021/08/11 v1.11 sin cos tan (DPC)
)
(c:/texlive/2024/texmf-dist/tex/latex/graphics-cfg/graphics.cfg
File: graphics.cfg 2016/06/04 v1.11 sample graphics configuration
)
Package graphics Info: Driver file: xetex.def on input line 107.

(c:/texlive/2024/texmf-dist/tex/latex/graphics-def/xetex.def
File: xetex.def 2022/09/22 v5.0n Graphics/color driver for xetex
))
\Gin@req@height=\dimen144
\Gin@req@width=\dimen145
)
(c:/texlive/2024/texmf-dist/tex/latex/hyperref/hyperref.sty
Package: hyperref 2024-01-20 v7.01h Hypertext links for LaTeX

(c:/texlive/2024/texmf-dist/tex/generic/iftex/iftex.sty
Package: iftex 2022/02/03 v1.0f TeX engine tests
)
(c:/texlive/2024/texmf-dist/tex/latex/kvsetkeys/kvsetkeys.sty
Package: kvsetkeys 2022-10-05 v1.19 Key value parser (HO)
)
(c:/texlive/2024/texmf-dist/tex/generic/kvdefinekeys/kvdefinekeys.sty
Package: kvdefinekeys 2019-12-19 v1.6 Define keys (HO)
)
(c:/texlive/2024/texmf-dist/tex/generic/pdfescape/pdfescape.sty
Package: pdfescape 2019/12/09 v1.15 Implements pdfTeX's escape features (HO)

(c:/texlive/2024/texmf-dist/tex/generic/ltxcmds/ltxcmds.sty
Package: ltxcmds 2023-12-04 v1.26 LaTeX kernel commands for general use (HO)
)
(c:/texlive/2024/texmf-dist/tex/generic/pdftexcmds/pdftexcmds.sty
Package: pdftexcmds 2020-06-27 v0.33 Utility functions of pdfTeX for LuaTeX (HO
)

(c:/texlive/2024/texmf-dist/tex/generic/infwarerr/infwarerr.sty
Package: infwarerr 2019/12/03 v1.5 Providing info/warning/error messages (HO)
)
Package pdftexcmds Info: \pdf@primitive is available.
Package pdftexcmds Info: \pdf@ifprimitive is available.
Package pdftexcmds Info: \pdfdraftmode not found.
))
(c:/texlive/2024/texmf-dist/tex/latex/hycolor/hycolor.sty
Package: hycolor 2020-01-27 v1.10 Color options for hyperref/bookmark (HO)
)
(c:/texlive/2024/texmf-dist/tex/latex/auxhook/auxhook.sty
Package: auxhook 2019-12-17 v1.6 Hooks for auxiliary files (HO)
)
(c:/texlive/2024/texmf-dist/tex/latex/hyperref/nameref.sty
Package: nameref 2023-11-26 v2.56 Cross-referencing by name of section

(c:/texlive/2024/texmf-dist/tex/latex/refcount/refcount.sty
Package: refcount 2019/12/15 v3.6 Data extraction from label references (HO)
)
(c:/texlive/2024/texmf-dist/tex/generic/gettitlestring/gettitlestring.sty
Package: gettitlestring 2019/12/15 v1.6 Cleanup title references (HO)

(c:/texlive/2024/texmf-dist/tex/latex/kvoptions/kvoptions.sty
Package: kvoptions 2022-06-15 v3.15 Key value format for package options (HO)
))
\c@section@level=\count278
)
(c:/texlive/2024/texmf-dist/tex/latex/etoolbox/etoolbox.sty
Package: etoolbox 2020/10/05 v2.5k e-TeX tools for LaTeX (JAW)
\etb@tempcnta=\count279
)
\@linkdim=\dimen146
\Hy@linkcounter=\count280
\Hy@pagecounter=\count281

(c:/texlive/2024/texmf-dist/tex/latex/hyperref/pd1enc.def
File: pd1enc.def 2024-01-20 v7.01h Hyperref: PDFDocEncoding definition (HO)
)
(c:/texlive/2024/texmf-dist/tex/generic/intcalc/intcalc.sty
Package: intcalc 2019/12/15 v1.3 Expandable calculations with integers (HO)
)
\Hy@SavedSpaceFactor=\count282

(c:/texlive/2024/texmf-dist/tex/latex/hyperref/puenc.def
File: puenc.def 2024-01-20 v7.01h Hyperref: PDF Unicode definition (HO)
)
Package hyperref Info: Option `unicode' set `true' on input line 3165.
Package hyperref Info: Hyper figures OFF on input line 4179.
Package hyperref Info: Link nesting OFF on input line 4184.
Package hyperref Info: Hyper index ON on input line 4187.
Package hyperref Info: Plain pages OFF on input line 4194.
Package hyperref Info: Backreferencing OFF on input line 4199.
Package hyperref Info: Implicit mode ON; LaTeX internals redefined.
Package hyperref Info: Bookmarks ON on input line 4446.
\c@Hy@tempcnt=\count283

(c:/texlive/2024/texmf-dist/tex/latex/url/url.sty
\Urlmuskip=\muskip16
Package: url 2013/09/16  ver 3.4  Verb mode for urls, etc.
)
LaTeX Info: Redefining \url on input line 4784.
\XeTeXLinkMargin=\dimen147

(c:/texlive/2024/texmf-dist/tex/generic/bitset/bitset.sty
Package: bitset 2019/12/09 v1.3 Handle bit-vector datatype (HO)

(c:/texlive/2024/texmf-dist/tex/generic/bigintcalc/bigintcalc.sty
Package: bigintcalc 2019/12/15 v1.5 Expandable calculations on big integers (HO
)
))
\Fld@menulength=\count284
\Field@Width=\dimen148
\Fld@charsize=\dimen149
Package hyperref Info: Hyper figures OFF on input line 6063.
Package hyperref Info: Link nesting OFF on input line 6068.
Package hyperref Info: Hyper index ON on input line 6071.
Package hyperref Info: backreferencing OFF on input line 6078.
Package hyperref Info: Link coloring OFF on input line 6083.
Package hyperref Info: Link coloring with OCG OFF on input line 6088.
Package hyperref Info: PDF/A mode OFF on input line 6093.

(c:/texlive/2024/texmf-dist/tex/latex/base/atbegshi-ltx.sty
Package: atbegshi-ltx 2021/01/10 v1.0c Emulation of the original atbegshi
package with kernel methods
)
\Hy@abspage=\count285
\c@Item=\count286
\c@Hfootnote=\count287
)
Package hyperref Info: Driver (autodetected): hxetex.

(c:/texlive/2024/texmf-dist/tex/latex/hyperref/hxetex.def
File: hxetex.def 2024-01-20 v7.01h Hyperref driver for XeTeX

(c:/texlive/2024/texmf-dist/tex/generic/stringenc/stringenc.sty
Package: stringenc 2019/11/29 v1.12 Convert strings between diff. encodings (HO
)
)
\pdfm@box=\box53
\c@Hy@AnnotLevel=\count288
\HyField@AnnotCount=\count289
\Fld@listcount=\count290
\c@bookmark@seq@number=\count291

(c:/texlive/2024/texmf-dist/tex/latex/rerunfilecheck/rerunfilecheck.sty
Package: rerunfilecheck 2022-07-10 v1.10 Rerun checks for auxiliary files (HO)

(c:/texlive/2024/texmf-dist/tex/latex/base/atveryend-ltx.sty
Package: atveryend-ltx 2020/08/19 v1.0a Emulation of the original atveryend pac
kage
with kernel methods
)
(c:/texlive/2024/texmf-dist/tex/generic/uniquecounter/uniquecounter.sty
Package: uniquecounter 2019/12/15 v1.4 Provide unlimited unique counter (HO)
)
Package uniquecounter Info: New unique counter `rerunfilecheck' on input line 2
85.
)
\Hy@SectionHShift=\skip56
)
(c:/texlive/2024/texmf-dist/tex/latex/float/float.sty
Package: float 2001/11/08 v1.3d Float enhancements (AL)
\c@float@type=\count292
\float@exts=\toks18
\float@box=\box54
\@float@everytoks=\toks19
\@floatcapt=\box55
)
(c:/texlive/2024/texmf-dist/tex/latex/pdflscape/pdflscape.sty
Package: pdflscape 2022-10-27 v0.13 Display of landscape pages in PDF

(c:/texlive/2024/texmf-dist/tex/latex/pdflscape/pdflscape-nometadata.sty
Package: pdflscape-nometadata 2022-10-28 v0.13 Display of landscape pages in PD
F (HO)

(c:/texlive/2024/texmf-dist/tex/latex/graphics/lscape.sty
Package: lscape 2020/05/28 v3.02 Landscape Pages (DPC)
)
Package pdflscape Info: Auto-detected driver: dvipdfm (xetex) on input line 98.

))
(c:/texlive/2024/texmf-dist/tex/latex/xltabular/xltabular.sty
Package: xltabular 2020/11/04 v0.2e `xltabular' package (hv,RN)

(c:/texlive/2024/texmf-dist/tex/latex/tools/tabularx.sty
Package: tabularx 2023/07/08 v2.11c `tabularx' package (DPC)

(c:/texlive/2024/texmf-dist/tex/latex/tools/array.sty
Package: array 2023/10/16 v2.5g Tabular extension package (FMi)
\col@sep=\dimen150
\ar@mcellbox=\box56
\extrarowheight=\dimen151
\NC@list=\toks20
\extratabsurround=\skip57
\backup@length=\skip58
\ar@cellbox=\box57
)
\TX@col@width=\dimen152
\TX@old@table=\dimen153
\TX@old@col=\dimen154
\TX@target=\dimen155
\TX@delta=\dimen156
\TX@cols=\count293
\TX@ftn=\toks21
)
(c:/texlive/2024/texmf-dist/tex/latex/ltablex/ltablex.sty
Package: ltablex 2014/08/13 v1.1 Modified tabularx

(c:/texlive/2024/texmf-dist/tex/latex/tools/longtable.sty
Package: longtable 2023-11-01 v4.19 Multi-page Table package (DPC)
\LTleft=\skip59
\LTright=\skip60
\LTpre=\skip61
\LTpost=\skip62
\LTchunksize=\count294
\LTcapwidth=\dimen157
\LT@head=\box58
\LT@firsthead=\box59
\LT@foot=\box60
\LT@lastfoot=\box61
\LT@gbox=\box62
\LT@cols=\count295
\LT@rows=\count296
\c@LT@tables=\count297
\c@LT@chunks=\count298
\LT@p@ftn=\toks22
)))
(c:/texlive/2024/texmf-dist/tex/latex/makecell/makecell.sty
Package: makecell 2009/08/03 V0.1e Managing of Tab Column Heads and Cells
\rotheadsize=\dimen158
\c@nlinenum=\count299
\TeXr@lab=\toks23
)

Package array Warning: Redefining primitive column r on input line 16.

(c:/texlive/2024/texmf-dist/tex/latex/caption/caption.sty
Package: caption 2023/08/05 v3.6o Customizing captions (AR)

(c:/texlive/2024/texmf-dist/tex/latex/caption/caption3.sty
Package: caption3 2023/07/31 v2.4d caption3 kernel (AR)
\caption@tempdima=\dimen159
\captionmargin=\dimen160
\caption@leftmargin=\dimen161
\caption@rightmargin=\dimen162
\caption@width=\dimen163
\caption@indent=\dimen164
\caption@parindent=\dimen165
\caption@hangindent=\dimen166
Package caption Info: Unknown document class (or package),
(caption)             standard defaults will be used.
Package caption Info: \@makecaption = \long macro:#1#2->\vskip \abovecaptionski
p \sbox \@tempboxa {#1 -- #2}\ifdim \wd \@tempboxa >\hsize #1 -- #2\par \else \
global \@minipagefalse \if \instring {Таб}{#1} \hb@xt@ \hsize {\box \@tempboxa 
\hfil }\else \hb@xt@ \hsize {\hfil \box \@tempboxa \hfil }\fi \fi \vskip \below
captionskip  on input line 1175.
)

Package caption Warning: Unknown document class (or package),
(caption)                standard defaults will be used.
See the caption package documentation for explanation.

\c@caption@flags=\count300
\c@continuedfloat=\count301
Package caption Info: float package is loaded.
Package caption Info: hyperref package is loaded.
Package caption Info: longtable package is loaded.
(c:/texlive/2024/texmf-dist/tex/latex/caption/ltcaption.sty
Package: ltcaption 2021/01/08 v1.4c longtable captions (AR)
))
(c:/texlive/2024/texmf-dist/tex/latex/enumitem/enumitem.sty
Package: enumitem 2019/06/20 v3.9 Customized lists
\labelindent=\skip63
\enit@outerparindent=\dimen167
\enit@toks=\toks24
\enit@inbox=\box63
\enit@count@id=\count302
\enitdp@description=\count303
)
(c:/texlive/2024/texmf-dist/tex/latex/graphics/color.sty
Package: color 2022/01/06 v1.3d Standard LaTeX Color (DPC)

(c:/texlive/2024/texmf-dist/tex/latex/graphics-cfg/color.cfg
File: color.cfg 2016/01/02 v1.6 sample color configuration
)
Package color Info: Driver file: xetex.def on input line 149.

(c:/texlive/2024/texmf-dist/tex/latex/graphics/mathcolor.ltx))
(c:/texlive/2024/texmf-dist/tex/latex/listings/listings.sty
\lst@mode=\count304
\lst@gtempboxa=\box64
\lst@token=\toks25
\lst@length=\count305
\lst@currlwidth=\dimen168
\lst@column=\count306
\lst@pos=\count307
\lst@lostspace=\dimen169
\lst@width=\dimen170
\lst@newlines=\count308
\lst@lineno=\count309
\lst@maxwidth=\dimen171

(c:/texlive/2024/texmf-dist/tex/latex/listings/lstpatch.sty
File: lstpatch.sty 2024/03/11 1.10a (Carsten Heinz)
)
(c:/texlive/2024/texmf-dist/tex/latex/listings/lstmisc.sty
File: lstmisc.sty 2024/03/11 1.10a (Carsten Heinz)
\c@lstnumber=\count310
\lst@skipnumbers=\count311
\lst@framebox=\box65
)
(c:/texlive/2024/texmf-dist/tex/latex/listings/listings.cfg
File: listings.cfg 2024/03/11 1.10a listings configuration
))
Package: listings 2024/03/11 1.10a (Carsten Heinz)

Package fontspec Info: Verdana scale = 0.7.


Package fontspec Info: Verdana scale = 0.7.


Package fontspec Info: Verdana scale = 0.7.


Package fontspec Info: Verdana/B scale = 0.7.


Package fontspec Info: Verdana/B scale = 0.7.


Package fontspec Info: Verdana/I scale = 0.7.


Package fontspec Info: Verdana/I scale = 0.7.


Package fontspec Info: Verdana/BI scale = 0.7.


Package fontspec Info: Verdana/BI scale = 0.7.


Package fontspec Info: Font family 'Verdana(0)' created for font 'Verdana'
(fontspec)             with options
(fontspec)             [WordSpace={1,0,0},HyphenChar=None,PunctuationSpace=Word
Space,Scale=0.7].
(fontspec)              
(fontspec)              This font family consists of the following NFSS
(fontspec)             series/shapes:
(fontspec)              
(fontspec)             - 'normal' (m/n) with NFSS spec.:
(fontspec)             <->s*[0.7]"Verdana/OT:script=latn;language=dflt;"
(fontspec)             - 'small caps'  (m/sc) with NFSS spec.:
(fontspec)             <->s*[0.7]"Verdana/OT:script=latn;language=dflt;+smcp;"
(fontspec)             and font adjustment code:
(fontspec)             \fontdimen 2\font =1\fontdimen 2\font \fontdimen 3\font
(fontspec)             =0\fontdimen 3\font \fontdimen 4\font =0\fontdimen
(fontspec)             4\font \fontdimen 7\font =0\fontdimen 2\font
(fontspec)             \tex_hyphenchar:D \font =-1\scan_stop: 
(fontspec)             - 'bold' (b/n) with NFSS spec.:
(fontspec)             <->s*[0.7]"Verdana/B/OT:script=latn;language=dflt;"
(fontspec)             - 'bold small caps'  (b/sc) with NFSS spec.:
(fontspec)             <->s*[0.7]"Verdana/B/OT:script=latn;language=dflt;+smcp;
"
(fontspec)             and font adjustment code:
(fontspec)             \fontdimen 2\font =1\fontdimen 2\font \fontdimen 3\font
(fontspec)             =0\fontdimen 3\font \fontdimen 4\font =0\fontdimen
(fontspec)             4\font \fontdimen 7\font =0\fontdimen 2\font
(fontspec)             \tex_hyphenchar:D \font =-1\scan_stop: 
(fontspec)             - 'italic' (m/it) with NFSS spec.:
(fontspec)             <->s*[0.7]"Verdana/I/OT:script=latn;language=dflt;"
(fontspec)             - 'italic small caps'  (m/scit) with NFSS spec.:
(fontspec)             <->s*[0.7]"Verdana/I/OT:script=latn;language=dflt;+smcp;
"
(fontspec)             and font adjustment code:
(fontspec)             \fontdimen 2\font =1\fontdimen 2\font \fontdimen 3\font
(fontspec)             =0\fontdimen 3\font \fontdimen 4\font =0\fontdimen
(fontspec)             4\font \fontdimen 7\font =0\fontdimen 2\font
(fontspec)             \tex_hyphenchar:D \font =-1\scan_stop: 
(fontspec)             - 'bold italic' (b/it) with NFSS spec.:
(fontspec)             <->s*[0.7]"Verdana/BI/OT:script=latn;language=dflt;"
(fontspec)             - 'bold italic small caps'  (b/scit) with NFSS spec.:
(fontspec)             <->s*[0.7]"Verdana/BI/OT:script=latn;language=dflt;+smcp
;"
(fontspec)             and font adjustment code:
(fontspec)             \fontdimen 2\font =1\fontdimen 2\font \fontdimen 3\font
(fontspec)             =0\fontdimen 3\font \fontdimen 4\font =0\fontdimen
(fontspec)             4\font \fontdimen 7\font =0\fontdimen 2\font
(fontspec)             \tex_hyphenchar:D \font =-1\scan_stop: 


(c:/texlive/2024/texmf-dist/tex/latex/listings/lstlang1.sty
File: lstlang1.sty 2024/03/11 1.10a listings language file
)) (./main.aux

LaTeX Warning: Label `usecase:image' multiply defined.


LaTeX Warning: Label `usecase:image' multiply defined.


LaTeX Warning: Label `usecase:image' multiply defined.

)
\openout1 = `main.aux'.

LaTeX Font Info:    Checking defaults for OML/cmm/m/it on input line 31.
LaTeX Font Info:    ... okay on input line 31.
LaTeX Font Info:    Checking defaults for OMS/cmsy/m/n on input line 31.
LaTeX Font Info:    ... okay on input line 31.
LaTeX Font Info:    Checking defaults for OT1/cmr/m/n on input line 31.
LaTeX Font Info:    ... okay on input line 31.
LaTeX Font Info:    Checking defaults for T1/cmr/m/n on input line 31.
LaTeX Font Info:    ... okay on input line 31.
LaTeX Font Info:    Checking defaults for TS1/cmr/m/n on input line 31.
LaTeX Font Info:    Trying to load font information for TS1+cmr on input line 3
1.
 (c:/texlive/2024/texmf-dist/tex/latex/base/ts1cmr.fd
File: ts1cmr.fd 2023/04/13 v2.5m Standard LaTeX font definitions
)
LaTeX Font Info:    ... okay on input line 31.
LaTeX Font Info:    Checking defaults for TU/lmr/m/n on input line 31.
LaTeX Font Info:    ... okay on input line 31.
LaTeX Font Info:    Checking defaults for OMX/cmex/m/n on input line 31.
LaTeX Font Info:    ... okay on input line 31.
LaTeX Font Info:    Checking defaults for U/cmr/m/n on input line 31.
LaTeX Font Info:    ... okay on input line 31.
LaTeX Font Info:    Checking defaults for PD1/pdf/m/n on input line 31.
LaTeX Font Info:    ... okay on input line 31.
LaTeX Font Info:    Checking defaults for PU/pdf/m/n on input line 31.
LaTeX Font Info:    ... okay on input line 31.

Package fontspec Info: Adjusting the maths setup (use [no-math] to avoid
(fontspec)             this).

\symlegacymaths=\mathgroup4
LaTeX Font Info:    Overwriting symbol font `legacymaths' in version `bold'
(Font)                  OT1/cmr/m/n --> OT1/cmr/bx/n on input line 31.
LaTeX Font Info:    Redeclaring math accent \acute on input line 31.
LaTeX Font Info:    Redeclaring math accent \grave on input line 31.
LaTeX Font Info:    Redeclaring math accent \ddot on input line 31.
LaTeX Font Info:    Redeclaring math accent \tilde on input line 31.
LaTeX Font Info:    Redeclaring math accent \bar on input line 31.
LaTeX Font Info:    Redeclaring math accent \breve on input line 31.
LaTeX Font Info:    Redeclaring math accent \check on input line 31.
LaTeX Font Info:    Redeclaring math accent \hat on input line 31.
LaTeX Font Info:    Redeclaring math accent \dot on input line 31.
LaTeX Font Info:    Redeclaring math accent \mathring on input line 31.
LaTeX Font Info:    Redeclaring math symbol \colon on input line 31.
LaTeX Font Info:    Redeclaring math symbol \Gamma on input line 31.
LaTeX Font Info:    Redeclaring math symbol \Delta on input line 31.
LaTeX Font Info:    Redeclaring math symbol \Theta on input line 31.
LaTeX Font Info:    Redeclaring math symbol \Lambda on input line 31.
LaTeX Font Info:    Redeclaring math symbol \Xi on input line 31.
LaTeX Font Info:    Redeclaring math symbol \Pi on input line 31.
LaTeX Font Info:    Redeclaring math symbol \Sigma on input line 31.
LaTeX Font Info:    Redeclaring math symbol \Upsilon on input line 31.
LaTeX Font Info:    Redeclaring math symbol \Phi on input line 31.
LaTeX Font Info:    Redeclaring math symbol \Psi on input line 31.
LaTeX Font Info:    Redeclaring math symbol \Omega on input line 31.
LaTeX Font Info:    Redeclaring math symbol \mathdollar on input line 31.
LaTeX Font Info:    Redeclaring symbol font `operators' on input line 31.
LaTeX Font Info:    Encoding `OT1' has changed to `TU' for symbol font
(Font)              `operators' in the math version `normal' on input line 31.
LaTeX Font Info:    Overwriting symbol font `operators' in version `normal'
(Font)                  OT1/cmr/m/n --> TU/TimesNewRoman(0)/m/n on input line 3
1.
LaTeX Font Info:    Encoding `OT1' has changed to `TU' for symbol font
(Font)              `operators' in the math version `bold' on input line 31.
LaTeX Font Info:    Overwriting symbol font `operators' in version `bold'
(Font)                  OT1/cmr/bx/n --> TU/TimesNewRoman(0)/m/n on input line 
31.
LaTeX Font Info:    Overwriting symbol font `operators' in version `normal'
(Font)                  TU/TimesNewRoman(0)/m/n --> TU/TimesNewRoman(0)/m/n on 
input line 31.
LaTeX Font Info:    Overwriting math alphabet `\mathit' in version `normal'
(Font)                  OT1/cmr/m/it --> TU/TimesNewRoman(0)/m/it on input line
 31.
LaTeX Font Info:    Overwriting math alphabet `\mathbf' in version `normal'
(Font)                  OT1/cmr/bx/n --> TU/TimesNewRoman(0)/b/n on input line 
31.
LaTeX Font Info:    Overwriting math alphabet `\mathsf' in version `normal'
(Font)                  OT1/cmss/m/n --> TU/lmss/m/n on input line 31.
LaTeX Font Info:    Overwriting math alphabet `\mathtt' in version `normal'
(Font)                  OT1/cmtt/m/n --> TU/Verdana(0)/m/n on input line 31.
LaTeX Font Info:    Overwriting symbol font `operators' in version `bold'
(Font)                  TU/TimesNewRoman(0)/m/n --> TU/TimesNewRoman(0)/b/n on 
input line 31.
LaTeX Font Info:    Overwriting math alphabet `\mathit' in version `bold'
(Font)                  OT1/cmr/bx/it --> TU/TimesNewRoman(0)/b/it on input lin
e 31.
LaTeX Font Info:    Overwriting math alphabet `\mathsf' in version `bold'
(Font)                  OT1/cmss/bx/n --> TU/lmss/b/n on input line 31.
LaTeX Font Info:    Overwriting math alphabet `\mathtt' in version `bold'
(Font)                  OT1/cmtt/m/n --> TU/Verdana(0)/b/n on input line 31.
LaTeX Info: Redefining \th on input line 31.
Package hyperref Info: Link coloring OFF on input line 31.
 (./main.out)
(./main.out)
\@outlinefile=\write3
\openout3 = `main.out'.

Package caption Info: Begin \AtBeginDocument code.
Package caption Info: listings package is loaded.
Package caption Info: End \AtBeginDocument code.
\c@lstlisting=\count312
LaTeX Font Info:    External font `cmex10' loaded for size
(Font)              <14.4> on input line 33.
LaTeX Font Info:    External font `cmex10' loaded for size
(Font)              <7> on input line 33.

Overfull \hbox (4.70218pt too wide) in paragraph at lines 33--33
[] 
 []


Overfull \hbox (4.70218pt too wide) in paragraph at lines 33--33
[]
 []


Underfull \hbox (badness 10000) in paragraph at lines 33--33

 []

[1] (./ЛистЗадания.tex [2] (./main.lop)
\tf@lop=\write4
\openout4 = `main.lop'.


Overfull \hbox (4.70218pt too wide) in paragraph at lines 97--108
[][]
 []


Underfull \hbox (badness 10000) in paragraph at lines 97--108

 []

) (./Реферат.tex [3] [4]
\c=\count313
\last=\count314
\pnul=\count315
\c=\count316
\last=\count317
\pnul=\count318
\c=\count319
\last=\count320
\pnul=\count321
\c=\count322
\last=\count323
\pnul=\count324
 [5]
\c=\count325
\last=\count326
\pnul=\count327
\c=\count328
\last=\count329
\pnul=\count330
\c=\count331
\last=\count332
\pnul=\count333
\c=\count334
\last=\count335
\pnul=\count336
) [6] (./main.toc [7])
\tf@toc=\write5
\openout5 = `main.toc'.

 (./main.lpc)
\tf@lpc=\write6
\openout6 = `main.lpc'.


(./Обозначения.tex
Underfull \hbox (badness 1331) in paragraph at lines 1--1
\TU/TimesNewRoman(0)/m/n/14.4 Концептуальная модель сайта (Графический материал
 / Концептуальная
 []


Underfull \hbox (badness 10000) in paragraph at lines 1--1

 []

[8]) (./Введение.tex [9] [10]
\c=\count337
\last=\count338
\pnul=\count339
) (./Анализ.tex [11] [12]
Underfull \hbox (badness 3492) in paragraph at lines 3--4
[]\TU/TimesNewRoman(0)/m/n/14.4 Нейронная сеть, также именуемая искусственной н
ервной сетью
 []

[13] [14] [15] [16] [17] [18] [19]
Underfull \hbox (badness 1009) in paragraph at lines 106--107
\TU/TimesNewRoman(0)/m/n/14.4 определить, является ли функция, заданная таблице
й выбора, функцией
 []

[20] [21] [22]
Underfull \hbox (badness 2894) in paragraph at lines 136--137
[]\TU/TimesNewRoman(0)/m/n/14.4 В ANFIS система вывода соответствует набору неч
етких правил
 []

[23]) (./ТехЗадание.tex [24] [25]
File: images/maket.png Graphic file (type bmp)
<images/maket.png>
File: images/usecase.png Graphic file (type bmp)
<images/usecase.png>
 [26]) (./ТехПроект.tex [27] [28]
File: images/neuro_diagram.png Graphic file (type bmp)
<images/neuro_diagram.png>
 [29]
File: images/gaussmf.png Graphic file (type bmp)
<images/gaussmf.png>

[30]
File: images/databasediagram.png Graphic file (type bmp)
<images/databasediagram.png>
 [31]
File: images/componentdiagram.png Graphic file (type bmp)
<images/componentdiagram.png>
 [32] [33]) (./РабочийПроект.tex [34]
Underfull \hbox (badness 10000) in paragraph at lines 77--77
[]|\TU/TimesNewRoman(0)/m/n/14.4 Нейронная
 []


Overfull \hbox (4.44296pt too wide) in paragraph at lines 77--77
[]|\TU/TimesNewRoman(0)/m/n/14.4 нормализацияКаналов(
 []


Underfull \hbox (badness 10000) in paragraph at lines 77--77
[]\TU/TimesNewRoman(0)/m/n/14.4 Происходит загруз-
 []


Underfull \hbox (badness 10000) in paragraph at lines 77--77
\TU/TimesNewRoman(0)/m/n/14.4 ка изображения из
 []


Underfull \hbox (badness 10000) in paragraph at lines 77--77
\TU/TimesNewRoman(0)/m/n/14.4 файла, последующее
 []


Underfull \hbox (badness 10000) in paragraph at lines 77--77
\TU/TimesNewRoman(0)/m/n/14.4 его разделение на
 []


Underfull \hbox (badness 10000) in paragraph at lines 77--77
\TU/TimesNewRoman(0)/m/n/14.4 цветовые каналы, а
 []


Underfull \hbox (badness 10000) in paragraph at lines 77--77
\TU/TimesNewRoman(0)/m/n/14.4 этих каналов, пред-
 []


Underfull \hbox (badness 10000) in paragraph at lines 77--77
\TU/TimesNewRoman(0)/m/n/14.4 ставленных в виде
 []


Underfull \hbox (badness 10000) in paragraph at lines 77--77
\TU/TimesNewRoman(0)/m/n/14.4 матриц, в массивы.
 []


Underfull \hbox (badness 10000) in paragraph at lines 77--77
\TU/TimesNewRoman(0)/m/n/14.4 После этого проис-
 []


Underfull \hbox (badness 10000) in paragraph at lines 77--77
\TU/TimesNewRoman(0)/m/n/14.4 ходит нормализация
 []


Underfull \hbox (badness 10000) in paragraph at lines 77--77
[]\TU/TimesNewRoman(0)/m/n/14.4 АнфисаРаспознать(
 []


Underfull \hbox (badness 10000) in paragraph at lines 77--77
[]\TU/TimesNewRoman(0)/m/n/14.4 В рамках данной
 []


Underfull \hbox (badness 10000) in paragraph at lines 77--77
\TU/TimesNewRoman(0)/m/n/14.4 ется прием данных,
 []


Underfull \hbox (badness 10000) in paragraph at lines 77--77
\TU/TimesNewRoman(0)/m/n/14.4 обработанных мето-
 []


Underfull \hbox (badness 1097) in paragraph at lines 77--77
\TU/TimesNewRoman(0)/m/n/14.4 дом нормализацияКа-
 []


Underfull \hbox (badness 10000) in paragraph at lines 77--77
[]|\TU/TimesNewRoman(0)/m/n/14.4 Эти данные, совме-
 []


Underfull \hbox (badness 3281) in paragraph at lines 77--77
\TU/TimesNewRoman(0)/m/n/14.4 щенные с оптимизи-
 []


Underfull \hbox (badness 10000) in paragraph at lines 77--77
\TU/TimesNewRoman(0)/m/n/14.4 рованной моделью
 []


Underfull \hbox (badness 10000) in paragraph at lines 77--77
\TU/TimesNewRoman(0)/m/n/14.4 искусственной ней-
 []


Underfull \hbox (badness 1360) in paragraph at lines 77--77
\TU/TimesNewRoman(0)/m/n/14.4 ронной сети, подвер-
 []


Underfull \hbox (badness 10000) in paragraph at lines 77--77
\TU/TimesNewRoman(0)/m/n/14.4 гаются дальнейшей
 []


Underfull \hbox (badness 10000) in paragraph at lines 77--77
\TU/TimesNewRoman(0)/m/n/14.4 обработке в модуле
 []


Underfull \hbox (badness 10000) in paragraph at lines 77--77
\TU/TimesNewRoman(0)/m/n/14.4 anfisReady, который
 []


Underfull \hbox (badness 10000) in paragraph at lines 77--77
\TU/TimesNewRoman(0)/m/n/14.4 программного обес-
 []


Underfull \hbox (badness 10000) in paragraph at lines 77--77
\TU/TimesNewRoman(0)/m/n/14.4 печения MATLAB.
 []


Underfull \hbox (badness 10000) in paragraph at lines 77--77
\TU/TimesNewRoman(0)/m/n/14.4 является генерация
 []


Underfull \hbox (badness 10000) in paragraph at lines 77--77
\TU/TimesNewRoman(0)/m/n/14.4 черно-белой маски,
 []


Underfull \hbox (badness 10000) in paragraph at lines 77--77
\TU/TimesNewRoman(0)/m/n/14.4 которая визуализи-
 []


Underfull \hbox (badness 10000) in paragraph at lines 77--77
\TU/TimesNewRoman(0)/m/n/14.4 рует распознанные
 []


Underfull \hbox (badness 10000) in paragraph at lines 77--77
\TU/TimesNewRoman(0)/m/n/14.4 объекты и имеет
 []


Underfull \hbox (badness 10000) in paragraph at lines 77--77
\TU/TimesNewRoman(0)/m/n/14.4 разрешение 720x720
 []


Underfull \hbox (badness 10000) in paragraph at lines 77--77
[]\TU/TimesNewRoman(0)/m/n/14.4 АнфисаТренировать(
 []


Underfull \hbox (badness 3302) in paragraph at lines 77--77
\TU/TimesNewRoman(0)/m/n/14.4 Набор, Размер, Имя-
 []


Underfull \hbox (badness 10000) in paragraph at lines 77--77
[]\TU/TimesNewRoman(0)/m/n/14.4 Инициируя процесс
 []


Underfull \hbox (badness 10000) in paragraph at lines 77--77
\TU/TimesNewRoman(0)/m/n/14.4 обучения, функция
 []


Underfull \hbox (badness 10000) in paragraph at lines 77--77
\TU/TimesNewRoman(0)/m/n/14.4 фигурации модуля
 []


Underfull \hbox (badness 4621) in paragraph at lines 77--77
\TU/TimesNewRoman(0)/m/n/14.4 anfis, реализованного
 []


Underfull \hbox (badness 10000) in paragraph at lines 77--77
\TU/TimesNewRoman(0)/m/n/14.4 в среде MATLAB.
 []


Underfull \hbox (badness 10000) in paragraph at lines 77--77
\TU/TimesNewRoman(0)/m/n/14.4 На основании этих
 []


Underfull \hbox (badness 10000) in paragraph at lines 77--77
\TU/TimesNewRoman(0)/m/n/14.4 ит и оптимизирует
 []


Underfull \hbox (badness 10000) in paragraph at lines 77--77
\TU/TimesNewRoman(0)/m/n/14.4 ронной сети. После
 []


Underfull \hbox (badness 10000) in paragraph at lines 77--77
\TU/TimesNewRoman(0)/m/n/14.4 успешного обуче-
 []


Underfull \hbox (badness 3758) in paragraph at lines 77--77
\TU/TimesNewRoman(0)/m/n/14.4 ния, сформированная
 []


Underfull \hbox (badness 10000) in paragraph at lines 77--77
\TU/TimesNewRoman(0)/m/n/14.4 модель сохраняет-
 []


Underfull \hbox (badness 4217) in paragraph at lines 77--77
\TU/TimesNewRoman(0)/m/n/14.4 ся в базу данных с
 []


Underfull \hbox (badness 10000) in paragraph at lines 77--77
\TU/TimesNewRoman(0)/m/n/14.4 наименованием, ука-
 []


Underfull \hbox (badness 10000) in paragraph at lines 77--77
[]|\TU/TimesNewRoman(0)/m/n/14.4 function out =
 []


Underfull \hbox (badness 10000) in paragraph at lines 77--77
\TU/TimesNewRoman(0)/m/n/14.4 AnfisReady(data,
 []


Underfull \hbox (badness 10000) in paragraph at lines 77--77
[]\TU/TimesNewRoman(0)/m/n/14.4 Данная функция,
 []


Underfull \hbox (badness 10000) in paragraph at lines 77--77
\TU/TimesNewRoman(0)/m/n/14.4 реализованная на
 []


Underfull \hbox (badness 10000) in paragraph at lines 77--77
\TU/TimesNewRoman(0)/m/n/14.4 языке программи-
 []


Underfull \hbox (badness 6461) in paragraph at lines 77--77
\TU/TimesNewRoman(0)/m/n/14.4 рования MATLAB и
 []


Underfull \hbox (badness 10000) in paragraph at lines 77--77
\TU/TimesNewRoman(0)/m/n/14.4 использующая среду
 []


Underfull \hbox (badness 1558) in paragraph at lines 77--77
\TU/TimesNewRoman(0)/m/n/14.4 Runtime, осуществля-
 []


Underfull \hbox (badness 10000) in paragraph at lines 77--77
\TU/TimesNewRoman(0)/m/n/14.4 ет передачу данных
 []


Underfull \hbox (badness 10000) in paragraph at lines 77--77
\TU/TimesNewRoman(0)/m/n/14.4 пиксельном уровне.
 []


Underfull \hbox (badness 10000) in paragraph at lines 77--77
\TU/TimesNewRoman(0)/m/n/14.4 В соответствии с
 []


Underfull \hbox (badness 10000) in paragraph at lines 77--77
\TU/TimesNewRoman(0)/m/n/14.4 выбранной моделью
 []


Underfull \hbox (badness 10000) in paragraph at lines 77--77
\TU/TimesNewRoman(0)/m/n/14.4 нейросети, функция
 []


Underfull \hbox (badness 10000) in paragraph at lines 77--77
\TU/TimesNewRoman(0)/m/n/14.4 вычисляет степень
 []


Underfull \hbox (badness 10000) in paragraph at lines 77--77
\TU/TimesNewRoman(0)/m/n/14.4 пикселя заданной
 []


Underfull \hbox (badness 1286) in paragraph at lines 77--77
\TU/TimesNewRoman(0)/m/n/14.4 модели и возвращает
 []


Underfull \hbox (badness 10000) in paragraph at lines 77--77
[]\TU/TimesNewRoman(0)/m/n/14.4 function out =
 []


Underfull \hbox (badness 10000) in paragraph at lines 77--77
[]\TU/TimesNewRoman(0)/m/n/14.4 Программный мо-
 []


Underfull \hbox (badness 10000) in paragraph at lines 77--77
\TU/TimesNewRoman(0)/m/n/14.4 дуль, реализованный
 []


Underfull \hbox (badness 10000) in paragraph at lines 77--77
\TU/TimesNewRoman(0)/m/n/14.4 на языке програм-
 []


Underfull \hbox (badness 10000) in paragraph at lines 77--77
\TU/TimesNewRoman(0)/m/n/14.4 мирования MATLAB
 []


Underfull \hbox (badness 10000) in paragraph at lines 77--77
\TU/TimesNewRoman(0)/m/n/14.4 и эксплуатирующий
 []


Underfull \hbox (badness 10000) in paragraph at lines 77--77
\TU/TimesNewRoman(0)/m/n/14.4 среду выполнения
 []


Underfull \hbox (badness 10000) in paragraph at lines 77--77
\TU/TimesNewRoman(0)/m/n/14.4 MATLAB Runtime,
 []


Underfull \hbox (badness 10000) in paragraph at lines 77--77
\TU/TimesNewRoman(0)/m/n/14.4 предназначен для
 []


Underfull \hbox (badness 10000) in paragraph at lines 77--77
\TU/TimesNewRoman(0)/m/n/14.4 приема набора дан-
 []


Underfull \hbox (badness 10000) in paragraph at lines 77--77
\TU/TimesNewRoman(0)/m/n/14.4 выборку. Данный
 []


Underfull \hbox (badness 4205) in paragraph at lines 77--77
\TU/TimesNewRoman(0)/m/n/14.4 модуль осуществляет
 []


Underfull \hbox (badness 10000) in paragraph at lines 77--77
\TU/TimesNewRoman(0)/m/n/14.4 процесс обучения
 []


Underfull \hbox (badness 10000) in paragraph at lines 77--77
\TU/TimesNewRoman(0)/m/n/14.4 нечеткой нейрон-
 []


Underfull \hbox (badness 10000) in paragraph at lines 77--77
\TU/TimesNewRoman(0)/m/n/14.4 ной сети, используя
 []


Underfull \hbox (badness 10000) in paragraph at lines 77--77
\TU/TimesNewRoman(0)/m/n/14.4 предоставленные
 []


Underfull \hbox (badness 5787) in paragraph at lines 77--77
[]|\TU/TimesNewRoman(0)/m/n/14.4 В результате выпол-
 []


Underfull \hbox (badness 2865) in paragraph at lines 77--77
\TU/TimesNewRoman(0)/m/n/14.4 шую процедуру обу-
 []


Underfull \hbox (badness 10000) in paragraph at lines 77--77
[]|\TU/TimesNewRoman(0)/m/n/14.4 База дан-
 []


Overfull \hbox (6.67188pt too wide) in paragraph at lines 77--77
[]|\TU/TimesNewRoman(0)/m/n/14.4 сохранить(ИмяМодели,
 []


Underfull \hbox (badness 7012) in paragraph at lines 77--77
[]\TU/TimesNewRoman(0)/m/n/14.4 Данная функция ре-
 []


Underfull \hbox (badness 10000) in paragraph at lines 77--77
\TU/TimesNewRoman(0)/m/n/14.4 ализует процедуру
 []


Underfull \hbox (badness 10000) in paragraph at lines 77--77
\TU/TimesNewRoman(0)/m/n/14.4 архивации трениро-
 []


Underfull \hbox (badness 10000) in paragraph at lines 77--77
\TU/TimesNewRoman(0)/m/n/14.4 вочного датасета и
 []


Underfull \hbox (badness 4995) in paragraph at lines 77--77
\TU/TimesNewRoman(0)/m/n/14.4 ченной нейросетевой
 []


Underfull \hbox (badness 4291) in paragraph at lines 77--77
\TU/TimesNewRoman(0)/m/n/14.4 модели в структури-
 []


Underfull \hbox (badness 10000) in paragraph at lines 77--77
\TU/TimesNewRoman(0)/m/n/14.4 рованное хранилище
 []


Underfull \hbox (badness 3701) in paragraph at lines 77--77
\TU/TimesNewRoman(0)/m/n/14.4 данных. Это обеспе-
 []


Underfull \hbox (badness 10000) in paragraph at lines 77--77
\TU/TimesNewRoman(0)/m/n/14.4 чивает сохранность
 []


Overfull \hbox (28.1664pt too wide) in paragraph at lines 77--77
[]\TU/TimesNewRoman(0)/m/n/14.4 загрузитьСписокНаборов() 
 []


Underfull \hbox (badness 1389) in paragraph at lines 77--77
[]\TU/TimesNewRoman(0)/m/n/14.4 Функциональный мо-
 []


Underfull \hbox (badness 4940) in paragraph at lines 77--77
\TU/TimesNewRoman(0)/m/n/14.4 базы данных, содер-
 []


Underfull \hbox (badness 3260) in paragraph at lines 77--77
\TU/TimesNewRoman(0)/m/n/14.4 тренировочных набо-
 []


Underfull \hbox (badness 5970) in paragraph at lines 77--77
\TU/TimesNewRoman(0)/m/n/14.4 рах и соответствую-
 []


Underfull \hbox (badness 2932) in paragraph at lines 77--77
\TU/TimesNewRoman(0)/m/n/14.4 щих обученных ней-
 []


Underfull \hbox (badness 10000) in paragraph at lines 77--77
[]|\TU/TimesNewRoman(0)/m/n/14.4 Он выполняет опе-
 []


Underfull \hbox (badness 10000) in paragraph at lines 77--77
\TU/TimesNewRoman(0)/m/n/14.4 рацию чтения и
 []


Underfull \hbox (badness 10000) in paragraph at lines 77--77
\TU/TimesNewRoman(0)/m/n/14.4 последующего фор-
 []


Underfull \hbox (badness 10000) in paragraph at lines 77--77
\TU/TimesNewRoman(0)/m/n/14.4 мирования перечня
 []


Underfull \hbox (badness 10000) in paragraph at lines 77--77
\TU/TimesNewRoman(0)/m/n/14.4 доступных трени-
 []


Underfull \hbox (badness 10000) in paragraph at lines 77--77
\TU/TimesNewRoman(0)/m/n/14.4 ровочных наборов
 []


Underfull \hbox (badness 10000) in paragraph at lines 77--77
\TU/TimesNewRoman(0)/m/n/14.4 данных и ассоци-
 []


Underfull \hbox (badness 10000) in paragraph at lines 77--77
\TU/TimesNewRoman(0)/m/n/14.4 ированных с ними
 []


Overfull \hbox (25.84608pt too wide) in paragraph at lines 77--77
[]\TU/TimesNewRoman(0)/m/n/14.4 загрузитьНабор(Название) 
 []


Underfull \hbox (badness 10000) in paragraph at lines 77--77
[]\TU/TimesNewRoman(0)/m/n/14.4 Эта функция осу-
 []


Underfull \hbox (badness 10000) in paragraph at lines 77--77
\TU/TimesNewRoman(0)/m/n/14.4 ществляет операцию
 []


Underfull \hbox (badness 10000) in paragraph at lines 77--77
\TU/TimesNewRoman(0)/m/n/14.4 извлечения из базы
 []


Underfull \hbox (badness 10000) in paragraph at lines 77--77
\TU/TimesNewRoman(0)/m/n/14.4 данных специфиче-
 []


Underfull \hbox (badness 10000) in paragraph at lines 77--77
\TU/TimesNewRoman(0)/m/n/14.4 ского обучающего
 []


Underfull \hbox (badness 10000) in paragraph at lines 77--77
\TU/TimesNewRoman(0)/m/n/14.4 набора, состоящего
 []


Underfull \hbox (badness 10000) in paragraph at lines 77--77
\TU/TimesNewRoman(0)/m/n/14.4 из трёх цветовых
 []


Underfull \hbox (badness 10000) in paragraph at lines 77--77
\TU/TimesNewRoman(0)/m/n/14.4 каналов и целевого
 []


Overfull \hbox (9.70638pt too wide) in paragraph at lines 77--77
[]|\TU/TimesNewRoman(0)/m/n/14.4 Графический
 []


Overfull \hbox (12.1211pt too wide) in paragraph at lines 77--77
[]|\TU/TimesNewRoman(0)/m/n/14.4 загрузитьИзображение() 
 []


Underfull \hbox (badness 10000) in paragraph at lines 77--77
[]\TU/TimesNewRoman(0)/m/n/14.4 Данная функция
 []


Underfull \hbox (badness 10000) in paragraph at lines 77--77
\TU/TimesNewRoman(0)/m/n/14.4 выполняет загрузку
 []


Underfull \hbox (badness 1867) in paragraph at lines 77--77
\TU/TimesNewRoman(0)/m/n/14.4 изображения из фай-
 []


Underfull \hbox (badness 1460) in paragraph at lines 77--77
\TU/TimesNewRoman(0)/m/n/14.4 ла, а затем проводит
 []


Underfull \hbox (badness 2512) in paragraph at lines 77--77
\TU/TimesNewRoman(0)/m/n/14.4 его масштабирование
 []


Underfull \hbox (badness 10000) in paragraph at lines 77--77
\TU/TimesNewRoman(0)/m/n/14.4 до определённых
 []


Underfull \hbox (badness 10000) in paragraph at lines 77--77
\TU/TimesNewRoman(0)/m/n/14.4 размеров 720x720
 []


Underfull \hbox (badness 10000) in paragraph at lines 77--77
\TU/TimesNewRoman(0)/m/n/14.4 отображение в за-
 []


Underfull \hbox (badness 10000) in paragraph at lines 77--77
\TU/TimesNewRoman(0)/m/n/14.4 данном графическом
 []


Underfull \hbox (badness 3954) in paragraph at lines 77--77
[]\TU/TimesNewRoman(0)/m/n/14.4 Функция инициирует
 []


Underfull \hbox (badness 10000) in paragraph at lines 77--77
\TU/TimesNewRoman(0)/m/n/14.4 процесс передачи
 []


Underfull \hbox (badness 10000) in paragraph at lines 77--77
\TU/TimesNewRoman(0)/m/n/14.4 ранее загруженного
 []


Underfull \hbox (badness 2913) in paragraph at lines 77--77
\TU/TimesNewRoman(0)/m/n/14.4 изображения в архи-
 []


Underfull \hbox (badness 10000) in paragraph at lines 77--77
\TU/TimesNewRoman(0)/m/n/14.4 тектуру нейронной
 []


Underfull \hbox (badness 3029) in paragraph at lines 77--77
\TU/TimesNewRoman(0)/m/n/14.4 сети, после чего ак-
 []


Underfull \hbox (badness 10000) in paragraph at lines 77--77
\TU/TimesNewRoman(0)/m/n/14.4 тивирует интерфейс
 []


Underfull \hbox (badness 10000) in paragraph at lines 77--77
\TU/TimesNewRoman(0)/m/n/14.4 для выбора предва-
 []


Underfull \hbox (badness 10000) in paragraph at lines 77--77
\TU/TimesNewRoman(0)/m/n/14.4 рительно обученной
 []


Underfull \hbox (badness 10000) in paragraph at lines 77--77
\TU/TimesNewRoman(0)/m/n/14.4 вариантов, что поз-
 []


Underfull \hbox (badness 10000) in paragraph at lines 77--77
\TU/TimesNewRoman(0)/m/n/14.4 воляет пользователю
 []


Underfull \hbox (badness 10000) in paragraph at lines 77--77
\TU/TimesNewRoman(0)/m/n/14.4 взаимодействовать с
 []


Underfull \hbox (badness 7649) in paragraph at lines 77--77
\TU/TimesNewRoman(0)/m/n/14.4 системой машинного
 []


Overfull \hbox (1.17345pt too wide) in paragraph at lines 77--77
[]\TU/TimesNewRoman(0)/m/n/14.4 выбрать(ОкноВыбора) 
 []


Underfull \hbox (badness 10000) in paragraph at lines 77--77
\TU/TimesNewRoman(0)/m/n/14.4 ществляет интегра-
 []


Underfull \hbox (badness 10000) in paragraph at lines 77--77
\TU/TimesNewRoman(0)/m/n/14.4 цию предварительно
 []


Underfull \hbox (badness 6332) in paragraph at lines 77--77
\TU/TimesNewRoman(0)/m/n/14.4 обученной модели в
 []


Underfull \hbox (badness 4660) in paragraph at lines 77--77
\TU/TimesNewRoman(0)/m/n/14.4 структуру нейронной
 []


Underfull \hbox (badness 3568) in paragraph at lines 77--77
\TU/TimesNewRoman(0)/m/n/14.4 изводит деактивацию
 []


Overfull \hbox (69.73512pt too wide) in paragraph at lines 77--77
[]\TU/TimesNewRoman(0)/m/n/14.4 сохранитьРезультатРаспознания() 
 []


Underfull \hbox (badness 3954) in paragraph at lines 77--77
[]\TU/TimesNewRoman(0)/m/n/14.4 Функция инициирует
 []


Underfull \hbox (badness 10000) in paragraph at lines 77--77
\TU/TimesNewRoman(0)/m/n/14.4 активацию диало-
 []


Underfull \hbox (badness 10000) in paragraph at lines 77--77
\TU/TimesNewRoman(0)/m/n/14.4 гового интерфейса,
 []


Underfull \hbox (badness 10000) in paragraph at lines 77--77
\TU/TimesNewRoman(0)/m/n/14.4 предназначенно-
 []


Underfull \hbox (badness 10000) in paragraph at lines 77--77
\TU/TimesNewRoman(0)/m/n/14.4 го для сохранения
 []


Underfull \hbox (badness 10000) in paragraph at lines 77--77
\TU/TimesNewRoman(0)/m/n/14.4 выходных данных
 []


Underfull \hbox (badness 10000) in paragraph at lines 77--77
\TU/TimesNewRoman(0)/m/n/14.4 нейронной сети в
 []


Underfull \hbox (badness 10000) in paragraph at lines 77--77
\TU/TimesNewRoman(0)/m/n/14.4 файловую систему,
 []


Underfull \hbox (badness 10000) in paragraph at lines 77--77
\TU/TimesNewRoman(0)/m/n/14.4 обеспечивая тем
 []


Underfull \hbox (badness 10000) in paragraph at lines 77--77
\TU/TimesNewRoman(0)/m/n/14.4 самым персистент-
 []


Underfull \hbox (badness 10000) in paragraph at lines 77--77
\TU/TimesNewRoman(0)/m/n/14.4 ность результатов
 []


Underfull \hbox (badness 10000) in paragraph at lines 77--77
[]\TU/TimesNewRoman(0)/m/n/14.4 Функция активирует
 []


Underfull \hbox (badness 10000) in paragraph at lines 77--77
\TU/TimesNewRoman(0)/m/n/14.4 пользовательский
 []


Underfull \hbox (badness 10000) in paragraph at lines 77--77
\TU/TimesNewRoman(0)/m/n/14.4 интерфейс в виде
 []


Underfull \hbox (badness 10000) in paragraph at lines 77--77
\TU/TimesNewRoman(0)/m/n/14.4 торое предоставляет
 []


Underfull \hbox (badness 10000) in paragraph at lines 77--77
\TU/TimesNewRoman(0)/m/n/14.4 возможность выбора
 []


Underfull \hbox (badness 10000) in paragraph at lines 77--77
\TU/TimesNewRoman(0)/m/n/14.4 набора данных для
 []


Underfull \hbox (badness 10000) in paragraph at lines 77--77
\TU/TimesNewRoman(0)/m/n/14.4 обучения нейронной
 []


Overfull \hbox (27.41405pt too wide) in paragraph at lines 77--77
[]\TU/TimesNewRoman(0)/m/n/14.4 подтвердить(ОкноВыбора) 
 []


Underfull \hbox (badness 3954) in paragraph at lines 77--77
[]\TU/TimesNewRoman(0)/m/n/14.4 Функция инициирует
 []


Underfull \hbox (badness 4832) in paragraph at lines 77--77
\TU/TimesNewRoman(0)/m/n/14.4 передачу выбранного
 []


Underfull \hbox (badness 10000) in paragraph at lines 77--77
\TU/TimesNewRoman(0)/m/n/14.4 датасета для обуче-
 []


Underfull \hbox (badness 3407) in paragraph at lines 77--77
\TU/TimesNewRoman(0)/m/n/14.4 ния нейронной сети,
 []


Underfull \hbox (badness 10000) in paragraph at lines 77--77
\TU/TimesNewRoman(0)/m/n/14.4 после чего активи-
 []


Underfull \hbox (badness 10000) in paragraph at lines 77--77
\TU/TimesNewRoman(0)/m/n/14.4 руется интерфейс
 []


Underfull \hbox (badness 10000) in paragraph at lines 77--77
\TU/TimesNewRoman(0)/m/n/14.4 в виде диалогового
 []


Underfull \hbox (badness 10000) in paragraph at lines 77--77
\TU/TimesNewRoman(0)/m/n/14.4 окна, предоставляю-
 []


Underfull \hbox (badness 10000) in paragraph at lines 77--77
\TU/TimesNewRoman(0)/m/n/14.4 щего пользователю
 []


Underfull \hbox (badness 10000) in paragraph at lines 77--77
\TU/TimesNewRoman(0)/m/n/14.4 опцию присвоения
 []


Underfull \hbox (badness 10000) in paragraph at lines 77--77
\TU/TimesNewRoman(0)/m/n/14.4 наименования новой
 []


Overfull \hbox (23.37811pt too wide) in paragraph at lines 77--77
[]\TU/TimesNewRoman(0)/m/n/14.4 отправить(ОкноНазвания) 
 []


Underfull \hbox (badness 10000) in paragraph at lines 77--77
[]\TU/TimesNewRoman(0)/m/n/14.4 Эта функция осу-
 []


Underfull \hbox (badness 10000) in paragraph at lines 77--77
\TU/TimesNewRoman(0)/m/n/14.4 ществляет трансмис-
 []


Underfull \hbox (badness 10000) in paragraph at lines 77--77
\TU/TimesNewRoman(0)/m/n/14.4 сию наименования
 []


Underfull \hbox (badness 5147) in paragraph at lines 77--77
\TU/TimesNewRoman(0)/m/n/14.4 модели в архитекту-
 []


Underfull \hbox (badness 10000) in paragraph at lines 77--77
\TU/TimesNewRoman(0)/m/n/14.4 ру нейронной сети,
 []


Underfull \hbox (badness 10000) in paragraph at lines 77--77
\TU/TimesNewRoman(0)/m/n/14.4 инициируя этим
 []


Underfull \hbox (badness 10000) in paragraph at lines 77--77
[]|\TU/TimesNewRoman(0)/m/n/14.4 По завершении
 []


Underfull \hbox (badness 10000) in paragraph at lines 77--77
\TU/TimesNewRoman(0)/m/n/14.4 процесса, модель
 []


Underfull \hbox (badness 10000) in paragraph at lines 77--77
\TU/TimesNewRoman(0)/m/n/14.4 систематически
 []


Underfull \hbox (badness 10000) in paragraph at lines 77--77
\TU/TimesNewRoman(0)/m/n/14.4 регистрируется и
 []


Underfull \hbox (badness 10000) in paragraph at lines 77--77
\TU/TimesNewRoman(0)/m/n/14.4 архивируется в со-
 []


Underfull \hbox (badness 10000) in paragraph at lines 77--77
\TU/TimesNewRoman(0)/m/n/14.4 ответствующей базе
 []


Underfull \hbox (badness 6220) in paragraph at lines 77--77
\TU/TimesNewRoman(0)/m/n/14.4 данных, что обеспе-
 []


Underfull \hbox (badness 10000) in paragraph at lines 77--77
\TU/TimesNewRoman(0)/m/n/14.4 для дальнейшего
 []


Underfull \hbox (badness 4156) in paragraph at lines 77--77
\TU/TimesNewRoman(0)/m/n/14.4 использования и ин-
 []


Underfull \hbox (badness 10000) in paragraph at lines 77--77
\TU/TimesNewRoman(0)/m/n/14.4 прикладные задачи
 []

[35] [36] [37] [38] [39] [40] [41]
LaTeX Font Info:    Font shape `TU/Verdana(0)/m/n' will be
(Font)              scaled to size 10.07994pt on input line 85.
 [42] [43] [44] [45] [46] [47]
File: images/usecase.png Graphic file (type bmp)
<images/usecase.png>
File: images/usecase.png Graphic file (type bmp)
<images/usecase.png>
File: images/usecase.png Graphic file (type bmp)
<images/usecase.png>
File: images/usecase.png Graphic file (type bmp)
<images/usecase.png>
File: images/usecase.png Graphic file (type bmp)
<images/usecase.png>
 [48])
(./Заключение.tex [49]) (./СписокИсточников.tex [50] [51]
Underfull \hbox (badness 6188) in paragraph at lines 15--16
[]\TU/TimesNewRoman(0)/m/n/14.4 Герон, О. Практическое машинное обучение с Scik
it-Learn и
 []

) (./Плакаты.tex [52] [53]
File: images/usecase.png Graphic file (type bmp)
<images/usecase.png>
File: images/usecase.png Graphic file (type bmp)
<images/usecase.png>
 [54

]
File: images/usecase.png Graphic file (type bmp)
<images/usecase.png>
 [55]
File: images/usecase.png Graphic file (type bmp)
<images/usecase.png>
 [56] [57]) (./Код.tex
(c:/texlive/2024/texmf-dist/tex/latex/listings/lstlang1.sty
File: lstlang1.sty 2024/03/11 1.10a listings language file
)
(c:/texlive/2024/texmf-dist/tex/latex/listings/lstlang2.sty
File: lstlang2.sty 2024/03/11 1.10a listings language file
)
(c:/texlive/2024/texmf-dist/tex/latex/listings/lstlang3.sty
File: lstlang3.sty 2024/03/11 1.10a listings language file
)
(c:/texlive/2024/texmf-dist/tex/latex/listings/lstlang1.sty
File: lstlang1.sty 2024/03/11 1.10a listings language file
)
(c:/texlive/2024/texmf-dist/tex/latex/listings/lstlang2.sty
File: lstlang2.sty 2024/03/11 1.10a listings language file
)
(c:/texlive/2024/texmf-dist/tex/latex/listings/lstlang3.sty
File: lstlang3.sty 2024/03/11 1.10a listings language file
)
(c:/texlive/2024/texmf-dist/tex/latex/listings/lstlang1.sty
File: lstlang1.sty 2024/03/11 1.10a listings language file
)
(c:/texlive/2024/texmf-dist/tex/latex/listings/lstlang2.sty
File: lstlang2.sty 2024/03/11 1.10a listings language file
)
(c:/texlive/2024/texmf-dist/tex/latex/listings/lstlang3.sty
File: lstlang3.sty 2024/03/11 1.10a listings language file
)
(c:/texlive/2024/texmf-dist/tex/latex/listings/lstmisc.sty
File: lstmisc.sty 2024/03/11 1.10a (Carsten Heinz)
)
Package hyperref Info: bookmark level for unknown lstlisting defaults to 0 on i
nput line 4.
 (./main.tex
[58

]) (./ТехПроект.tex [59] [60] [61]) [62]) [63] (./main.aux)
 ***********
LaTeX2e <2023-11-01> patch level 1
L3 programming layer <2024-03-14>
 ***********


LaTeX Warning: There were multiply-defined labels.

Package rerunfilecheck Info: File `main.out' has not changed.
(rerunfilecheck)             Checksum: EBE7F34A426BB738E52EFAC19960ADB8;14959.
 ) 
Here is how much of TeX's memory you used:
 17952 strings out of 474759
 338475 string characters out of 5761036
 2253148 words of memory out of 5000000
 39837 multiletter control sequences out of 15000+600000
 559598 words of font info for 72 fonts, out of 8000000 for 9000
 1348 hyphenation exceptions out of 8191
 99i,11n,110p,953b,2943s stack positions out of 10000i,1000n,20000p,200000b,200000s

Output written on main.pdf (63 pages).
